[0.135s] DEBUG:colcon:Command line arguments: ['/usr/bin/colcon', 'build']
[0.135s] DEBUG:colcon:Parsed command line arguments: Namespace(log_base=None, log_level=None, verb_name='build', build_base='build', install_base='install', merge_install=False, symlink_install=False, test_result_base=None, continue_on_error=False, executor='parallel', parallel_workers=12, event_handlers=None, ignore_user_meta=False, metas=['./colcon.meta'], base_paths=['.'], packages_ignore=None, packages_ignore_regex=None, paths=None, packages_up_to=None, packages_up_to_regex=None, packages_above=None, packages_above_and_dependencies=None, packages_above_depth=None, packages_select_by_dep=None, packages_skip_by_dep=None, packages_skip_up_to=None, packages_select_build_failed=False, packages_skip_build_finished=False, packages_select_test_failures=False, packages_skip_test_passed=False, packages_select=None, packages_skip=None, packages_select_regex=None, packages_skip_regex=None, packages_start=None, packages_end=None, allow_overriding=[], cmake_args=None, cmake_target=None, cmake_target_skip_unavailable=False, cmake_clean_cache=False, cmake_clean_first=False, cmake_force_configure=False, ament_cmake_args=None, catkin_cmake_args=None, catkin_skip_building_tests=False, mixin_files=None, mixin=None, verb_parser=<colcon_mixin.mixin.mixin_argument.MixinArgumentDecorator object at 0x75fda6f63370>, verb_extension=<colcon_core.verb.build.BuildVerb object at 0x75fda6f62890>, main=<bound method BuildVerb.main of <colcon_core.verb.build.BuildVerb object at 0x75fda6f62890>>, mixin_verb=('build',))
[0.360s] Level 1:colcon.colcon_core.package_discovery:discover_packages(colcon_meta) check parameters
[0.360s] Level 1:colcon.colcon_core.package_discovery:discover_packages(recursive) check parameters
[0.360s] Level 1:colcon.colcon_core.package_discovery:discover_packages(ignore) check parameters
[0.360s] Level 1:colcon.colcon_core.package_discovery:discover_packages(path) check parameters
[0.360s] Level 1:colcon.colcon_core.package_discovery:discover_packages(colcon_meta) discover
[0.360s] Level 1:colcon.colcon_core.package_discovery:discover_packages(recursive) discover
[0.360s] INFO:colcon.colcon_core.package_discovery:Crawling recursively for packages in '/home/shubh/ros2_ws/src/irc_rover'
[0.361s] Level 1:colcon.colcon_core.package_identification:_identify(.) by extensions ['ignore', 'ignore_ament_install']
[0.361s] Level 1:colcon.colcon_core.package_identification:_identify(.) by extension 'ignore'
[0.361s] Level 1:colcon.colcon_core.package_identification:_identify(.) by extension 'ignore_ament_install'
[0.361s] Level 1:colcon.colcon_core.package_identification:_identify(.) by extensions ['colcon_pkg']
[0.361s] Level 1:colcon.colcon_core.package_identification:_identify(.) by extension 'colcon_pkg'
[0.361s] Level 1:colcon.colcon_core.package_identification:_identify(.) by extensions ['colcon_meta']
[0.361s] Level 1:colcon.colcon_core.package_identification:_identify(.) by extension 'colcon_meta'
[0.361s] Level 1:colcon.colcon_core.package_identification:_identify(.) by extensions ['ros']
[0.361s] Level 1:colcon.colcon_core.package_identification:_identify(.) by extension 'ros'
[0.394s] DEBUG:colcon.colcon_core.package_identification:Package '.' with type 'ros.ament_python' and name 'IRC_ROVER'
[0.394s] Level 1:colcon.colcon_core.package_discovery:discover_packages(recursive) using defaults
[0.394s] Level 1:colcon.colcon_core.package_discovery:discover_packages(ignore) discover
[0.394s] Level 1:colcon.colcon_core.package_discovery:discover_packages(ignore) using defaults
[0.394s] Level 1:colcon.colcon_core.package_discovery:discover_packages(path) discover
[0.394s] Level 1:colcon.colcon_core.package_discovery:discover_packages(path) using defaults
[0.417s] Level 1:colcon.colcon_core.package_discovery:discover_packages(prefix_path) check parameters
[0.417s] Level 1:colcon.colcon_core.package_discovery:discover_packages(prefix_path) discover
[0.419s] DEBUG:colcon.colcon_installed_package_information.package_discovery:Found 1 installed packages in /home/shubh/ros2_ws/src/irc_rover/install
[0.422s] DEBUG:colcon.colcon_installed_package_information.package_discovery:Found 501 installed packages in /opt/ros/humble
[0.425s] Level 1:colcon.colcon_core.package_discovery:discover_packages(prefix_path) using defaults
[0.492s] Level 5:colcon.colcon_core.verb:set package 'IRC_ROVER' build argument 'cmake_args' from command line to 'None'
[0.492s] Level 5:colcon.colcon_core.verb:set package 'IRC_ROVER' build argument 'cmake_target' from command line to 'None'
[0.492s] Level 5:colcon.colcon_core.verb:set package 'IRC_ROVER' build argument 'cmake_target_skip_unavailable' from command line to 'False'
[0.493s] Level 5:colcon.colcon_core.verb:set package 'IRC_ROVER' build argument 'cmake_clean_cache' from command line to 'False'
[0.493s] Level 5:colcon.colcon_core.verb:set package 'IRC_ROVER' build argument 'cmake_clean_first' from command line to 'False'
[0.493s] Level 5:colcon.colcon_core.verb:set package 'IRC_ROVER' build argument 'cmake_force_configure' from command line to 'False'
[0.493s] Level 5:colcon.colcon_core.verb:set package 'IRC_ROVER' build argument 'ament_cmake_args' from command line to 'None'
[0.493s] Level 5:colcon.colcon_core.verb:set package 'IRC_ROVER' build argument 'catkin_cmake_args' from command line to 'None'
[0.493s] Level 5:colcon.colcon_core.verb:set package 'IRC_ROVER' build argument 'catkin_skip_building_tests' from command line to 'False'
[0.493s] DEBUG:colcon.colcon_core.verb:Building package 'IRC_ROVER' with the following arguments: {'ament_cmake_args': None, 'build_base': '/home/shubh/ros2_ws/src/irc_rover/build/IRC_ROVER', 'catkin_cmake_args': None, 'catkin_skip_building_tests': False, 'cmake_args': None, 'cmake_clean_cache': False, 'cmake_clean_first': False, 'cmake_force_configure': False, 'cmake_target': None, 'cmake_target_skip_unavailable': False, 'install_base': '/home/shubh/ros2_ws/src/irc_rover/install/IRC_ROVER', 'merge_install': False, 'path': '/home/shubh/ros2_ws/src/irc_rover', 'symlink_install': False, 'test_result_base': None}
[0.493s] INFO:colcon.colcon_core.executor:Executing jobs using 'parallel' executor
[0.494s] DEBUG:colcon.colcon_parallel_executor.executor.parallel:run_until_complete
[0.495s] INFO:colcon.colcon_ros.task.ament_python.build:Building ROS package in '/home/shubh/ros2_ws/src/irc_rover' with build type 'ament_python'
[0.495s] Level 1:colcon.colcon_core.shell:create_environment_hook('IRC_ROVER', 'ament_prefix_path')
[0.497s] INFO:colcon.colcon_core.plugin_system:Skipping extension 'colcon_core.shell.bat': Not used on non-Windows systems
[0.497s] INFO:colcon.colcon_core.shell:Creating environment hook '/home/shubh/ros2_ws/src/irc_rover/install/IRC_ROVER/share/IRC_ROVER/hook/ament_prefix_path.ps1'
[0.498s] INFO:colcon.colcon_core.shell:Creating environment descriptor '/home/shubh/ros2_ws/src/irc_rover/install/IRC_ROVER/share/IRC_ROVER/hook/ament_prefix_path.dsv'
[0.499s] INFO:colcon.colcon_core.shell:Creating environment hook '/home/shubh/ros2_ws/src/irc_rover/install/IRC_ROVER/share/IRC_ROVER/hook/ament_prefix_path.sh'
[0.499s] INFO:colcon.colcon_core.shell:Skip shell extension 'powershell' for command environment: Not usable outside of PowerShell
[0.499s] DEBUG:colcon.colcon_core.shell:Skip shell extension 'dsv' for command environment
[0.856s] INFO:colcon.colcon_core.task.python.build:Building Python package in '/home/shubh/ros2_ws/src/irc_rover'
[0.856s] INFO:colcon.colcon_core.shell:Skip shell extension 'powershell' for command environment: Not usable outside of PowerShell
[0.856s] DEBUG:colcon.colcon_core.shell:Skip shell extension 'dsv' for command environment
[1.320s] DEBUG:colcon.colcon_core.event_handler.log_command:Invoking command in '/home/shubh/ros2_ws/src/irc_rover': PYTHONPATH=/home/shubh/ros2_ws/src/irc_rover/build/IRC_ROVER/prefix_override:/usr/lib/python3/dist-packages/colcon_core/task/python/colcon_distutils_commands:/home/shubh/ros2_ws/src/irc_rover/install/IRC_ROVER/lib/python3.10/site-packages:${PYTHONPATH} /usr/bin/python3 -W ignore:setup.py install is deprecated -W ignore:easy_install command is deprecated setup.py egg_info --egg-base build/IRC_ROVER build --build-base /home/shubh/ros2_ws/src/irc_rover/build/IRC_ROVER/build install --record /home/shubh/ros2_ws/src/irc_rover/build/IRC_ROVER/install.log --single-version-externally-managed install_data
[1.705s] DEBUG:colcon.colcon_core.event_handler.log_command:Invoked command in '/home/shubh/ros2_ws/src/irc_rover' returned '0': PYTHONPATH=/home/shubh/ros2_ws/src/irc_rover/build/IRC_ROVER/prefix_override:/usr/lib/python3/dist-packages/colcon_core/task/python/colcon_distutils_commands:/home/shubh/ros2_ws/src/irc_rover/install/IRC_ROVER/lib/python3.10/site-packages:${PYTHONPATH} /usr/bin/python3 -W ignore:setup.py install is deprecated -W ignore:easy_install command is deprecated setup.py egg_info --egg-base build/IRC_ROVER build --build-base /home/shubh/ros2_ws/src/irc_rover/build/IRC_ROVER/build install --record /home/shubh/ros2_ws/src/irc_rover/build/IRC_ROVER/install.log --single-version-externally-managed install_data
[1.708s] Level 1:colcon.colcon_core.environment:checking '/home/shubh/ros2_ws/src/irc_rover/install/IRC_ROVER' for CMake module files
[1.708s] Level 1:colcon.colcon_core.environment:checking '/home/shubh/ros2_ws/src/irc_rover/install/IRC_ROVER' for CMake config files
[1.709s] Level 1:colcon.colcon_core.environment:checking '/home/shubh/ros2_ws/src/irc_rover/install/IRC_ROVER/lib'
[1.710s] Level 1:colcon.colcon_core.environment:checking '/home/shubh/ros2_ws/src/irc_rover/install/IRC_ROVER/bin'
[1.710s] Level 1:colcon.colcon_core.environment:checking '/home/shubh/ros2_ws/src/irc_rover/install/IRC_ROVER/lib/pkgconfig/IRC_ROVER.pc'
[1.710s] Level 1:colcon.colcon_core.environment:checking '/home/shubh/ros2_ws/src/irc_rover/install/IRC_ROVER/lib/python3.10/site-packages'
[1.710s] Level 1:colcon.colcon_core.shell:create_environment_hook('IRC_ROVER', 'pythonpath')
[1.710s] INFO:colcon.colcon_core.shell:Creating environment hook '/home/shubh/ros2_ws/src/irc_rover/install/IRC_ROVER/share/IRC_ROVER/hook/pythonpath.ps1'
[1.711s] INFO:colcon.colcon_core.shell:Creating environment descriptor '/home/shubh/ros2_ws/src/irc_rover/install/IRC_ROVER/share/IRC_ROVER/hook/pythonpath.dsv'
[1.711s] INFO:colcon.colcon_core.shell:Creating environment hook '/home/shubh/ros2_ws/src/irc_rover/install/IRC_ROVER/share/IRC_ROVER/hook/pythonpath.sh'
[1.712s] Level 1:colcon.colcon_core.environment:checking '/home/shubh/ros2_ws/src/irc_rover/install/IRC_ROVER/bin'
[1.712s] Level 1:colcon.colcon_core.environment:create_environment_scripts_only(IRC_ROVER)
[1.713s] INFO:colcon.colcon_core.shell:Creating package script '/home/shubh/ros2_ws/src/irc_rover/install/IRC_ROVER/share/IRC_ROVER/package.ps1'
[1.714s] INFO:colcon.colcon_core.shell:Creating package descriptor '/home/shubh/ros2_ws/src/irc_rover/install/IRC_ROVER/share/IRC_ROVER/package.dsv'
[1.714s] INFO:colcon.colcon_core.shell:Creating package script '/home/shubh/ros2_ws/src/irc_rover/install/IRC_ROVER/share/IRC_ROVER/package.sh'
[1.715s] INFO:colcon.colcon_core.shell:Creating package script '/home/shubh/ros2_ws/src/irc_rover/install/IRC_ROVER/share/IRC_ROVER/package.bash'
[1.716s] INFO:colcon.colcon_core.shell:Creating package script '/home/shubh/ros2_ws/src/irc_rover/install/IRC_ROVER/share/IRC_ROVER/package.zsh'
[1.717s] Level 1:colcon.colcon_core.environment:create_file_with_runtime_dependencies(/home/shubh/ros2_ws/src/irc_rover/install/IRC_ROVER/share/colcon-core/packages/IRC_ROVER)
[1.717s] DEBUG:colcon.colcon_parallel_executor.executor.parallel:closing loop
[1.717s] DEBUG:colcon.colcon_parallel_executor.executor.parallel:loop closed
[1.717s] DEBUG:colcon.colcon_parallel_executor.executor.parallel:run_until_complete finished with '0'
[1.717s] DEBUG:colcon.colcon_core.event_reactor:joining thread
[1.724s] INFO:colcon.colcon_core.plugin_system:Skipping extension 'colcon_notification.desktop_notification.terminal_notifier': Not used on non-Darwin systems
[1.724s] INFO:colcon.colcon_core.plugin_system:Skipping extension 'colcon_notification.desktop_notification.win32': Not used on non-Windows systems
[1.724s] INFO:colcon.colcon_notification.desktop_notification:Sending desktop notification using 'notify2'
[1.741s] DEBUG:colcon.colcon_core.event_reactor:joined thread
[1.741s] INFO:colcon.colcon_core.shell:Creating prefix script '/home/shubh/ros2_ws/src/irc_rover/install/local_setup.ps1'
[1.743s] INFO:colcon.colcon_core.shell:Creating prefix util module '/home/shubh/ros2_ws/src/irc_rover/install/_local_setup_util_ps1.py'
[1.744s] INFO:colcon.colcon_core.shell:Creating prefix chain script '/home/shubh/ros2_ws/src/irc_rover/install/setup.ps1'
[1.746s] INFO:colcon.colcon_core.shell:Creating prefix script '/home/shubh/ros2_ws/src/irc_rover/install/local_setup.sh'
[1.747s] INFO:colcon.colcon_core.shell:Creating prefix util module '/home/shubh/ros2_ws/src/irc_rover/install/_local_setup_util_sh.py'
[1.747s] INFO:colcon.colcon_core.shell:Creating prefix chain script '/home/shubh/ros2_ws/src/irc_rover/install/setup.sh'
[1.749s] INFO:colcon.colcon_core.shell:Creating prefix script '/home/shubh/ros2_ws/src/irc_rover/install/local_setup.bash'
[1.749s] INFO:colcon.colcon_core.shell:Creating prefix chain script '/home/shubh/ros2_ws/src/irc_rover/install/setup.bash'
[1.750s] INFO:colcon.colcon_core.shell:Creating prefix script '/home/shubh/ros2_ws/src/irc_rover/install/local_setup.zsh'
[1.751s] INFO:colcon.colcon_core.shell:Creating prefix chain script '/home/shubh/ros2_ws/src/irc_rover/install/setup.zsh'
