/home/shubh/ros2_ws/src/irc_rover/install/IRC_ROVER/lib/python3.10/site-packages/irc_rover/__init__.py
/home/shubh/ros2_ws/src/irc_rover/install/IRC_ROVER/lib/python3.10/site-packages/irc_rover/control/drive_control_node.py
/home/shubh/ros2_ws/src/irc_rover/install/IRC_ROVER/lib/python3.10/site-packages/irc_rover/control/__init__.py
/home/shubh/ros2_ws/src/irc_rover/install/IRC_ROVER/lib/python3.10/site-packages/irc_rover/gui/__init__.py
/home/shubh/ros2_ws/src/irc_rover/install/IRC_ROVER/lib/python3.10/site-packages/irc_rover/gui/base_station_gui.py
/home/shubh/ros2_ws/src/irc_rover/install/IRC_ROVER/lib/python3.10/site-packages/irc_rover/navigation/vision_node.py
/home/shubh/ros2_ws/src/irc_rover/install/IRC_ROVER/lib/python3.10/site-packages/irc_rover/navigation/__init__.py
/home/shubh/ros2_ws/src/irc_rover/install/IRC_ROVER/lib/python3.10/site-packages/irc_rover/navigation/exploration_node.py
/home/shubh/ros2_ws/src/irc_rover/install/IRC_ROVER/lib/python3.10/site-packages/irc_rover/sensors/__init__.py
/home/shubh/ros2_ws/src/irc_rover/install/IRC_ROVER/lib/python3.10/site-packages/irc_rover/__pycache__/__init__.cpython-310.pyc
/home/shubh/ros2_ws/src/irc_rover/install/IRC_ROVER/lib/python3.10/site-packages/irc_rover/control/__pycache__/drive_control_node.cpython-310.pyc
/home/shubh/ros2_ws/src/irc_rover/install/IRC_ROVER/lib/python3.10/site-packages/irc_rover/control/__pycache__/__init__.cpython-310.pyc
/home/shubh/ros2_ws/src/irc_rover/install/IRC_ROVER/lib/python3.10/site-packages/irc_rover/gui/__pycache__/__init__.cpython-310.pyc
/home/shubh/ros2_ws/src/irc_rover/install/IRC_ROVER/lib/python3.10/site-packages/irc_rover/gui/__pycache__/base_station_gui.cpython-310.pyc
/home/shubh/ros2_ws/src/irc_rover/install/IRC_ROVER/lib/python3.10/site-packages/irc_rover/navigation/__pycache__/vision_node.cpython-310.pyc
/home/shubh/ros2_ws/src/irc_rover/install/IRC_ROVER/lib/python3.10/site-packages/irc_rover/navigation/__pycache__/__init__.cpython-310.pyc
/home/shubh/ros2_ws/src/irc_rover/install/IRC_ROVER/lib/python3.10/site-packages/irc_rover/navigation/__pycache__/exploration_node.cpython-310.pyc
/home/shubh/ros2_ws/src/irc_rover/install/IRC_ROVER/lib/python3.10/site-packages/irc_rover/sensors/__pycache__/__init__.cpython-310.pyc
/home/shubh/ros2_ws/src/irc_rover/install/IRC_ROVER/share/ament_index/resource_index/packages/IRC_ROVER
/home/shubh/ros2_ws/src/irc_rover/install/IRC_ROVER/share/IRC_ROVER/package.xml
/home/shubh/ros2_ws/src/irc_rover/install/IRC_ROVER/share/IRC_ROVER/launch/realsense_rtabmap.launch.py
/home/shubh/ros2_ws/src/irc_rover/install/IRC_ROVER/lib/python3.10/site-packages/IRC_ROVER-0.0.0-py3.10.egg-info/dependency_links.txt
/home/shubh/ros2_ws/src/irc_rover/install/IRC_ROVER/lib/python3.10/site-packages/IRC_ROVER-0.0.0-py3.10.egg-info/top_level.txt
/home/shubh/ros2_ws/src/irc_rover/install/IRC_ROVER/lib/python3.10/site-packages/IRC_ROVER-0.0.0-py3.10.egg-info/SOURCES.txt
/home/shubh/ros2_ws/src/irc_rover/install/IRC_ROVER/lib/python3.10/site-packages/IRC_ROVER-0.0.0-py3.10.egg-info/PKG-INFO
/home/shubh/ros2_ws/src/irc_rover/install/IRC_ROVER/lib/python3.10/site-packages/IRC_ROVER-0.0.0-py3.10.egg-info/zip-safe
/home/shubh/ros2_ws/src/irc_rover/install/IRC_ROVER/lib/python3.10/site-packages/IRC_ROVER-0.0.0-py3.10.egg-info/entry_points.txt
/home/shubh/ros2_ws/src/irc_rover/install/IRC_ROVER/lib/python3.10/site-packages/IRC_ROVER-0.0.0-py3.10.egg-info/requires.txt
/home/shubh/ros2_ws/src/irc_rover/install/IRC_ROVER/lib/IRC_ROVER/exploration_node
/home/shubh/ros2_ws/src/irc_rover/install/IRC_ROVER/lib/IRC_ROVER/vision_node
